1504915973224|any/other.svg|7W6tf64Egz|1
1504915976148|any/other.svg|7W6tf64Egz|2
1504915976839|any/other.svg|7W6tf64Egz|3
1504915977349|any/other.svg|7W6tf64Egz|4
1504915977829|any/other.svg|7W6tf64Egz|5
1504915978278|any/other.svg|7W6tf64Egz|6
1504915978710|any/other.svg|7W6tf64Egz|7
1504915979173|any/other.svg|7W6tf64Egz|8
1504915979559|any/other.svg|7W6tf64Egz|9
1504915980214|any/other.svg|7W6tf64Egz|10
1504915980711|any/other.svg|7W6tf64Egz|11
1504915981267|any/other.svg|7W6tf64Egz|12
1504915981782|any/other.svg|7W6tf64Egz|13
1504915982221|any/other.svg|7W6tf64Egz|14
1504915982655|any/other.svg|7W6tf64Egz|15
1504915983276|any/other.svg|7W6tf64Egz|16
1504915983804|any/other.svg|7W6tf64Egz|17
1504915984243|any/other.svg|7W6tf64Egz|18
1504915984694|any/other.svg|7W6tf64Egz|19
1504915985141|any/other.svg|7W6tf64Egz|20
1504915985550|any/other.svg|7W6tf64Egz|21
1504915986004|any/other.svg|7W6tf64Egz|22
1504915986501|any/other.svg|7W6tf64Egz|23
1504915986925|any/other.svg|7W6tf64Egz|24
1504915987278|any/other.svg|7W6tf64Egz|25
1504915987567|any/other.svg|7W6tf64Egz|26
1504915987806|any/other.svg|7W6tf64Egz|27
1504916238301|any/other.svg|7W6tf64Egz|28
1504916238884|any/other.svg|7W6tf64Egz|29
1504916239076|any/other.svg|7W6tf64Egz|30
1504916239259|any/other.svg|7W6tf64Egz|31
1504916239435|any/other.svg|7W6tf64Egz|32
1504916239641|any/other.svg|7W6tf64Egz|33
