1504913691478|totes/myurl.svg|7W6tf64Egz|1
1504913692775|totes/myurl.svg|7W6tf64Egz|1
1504913706813|totes/myurl.svg|7W6tf64Egz|1
1504913767498|totes/myurl.svg|7W6tf64Egz|1
1504913976609|totes/myurl.svg|7W6tf64Egz|1
1504914001340|totes/myurl.svg|7W6tf64Egz|1
1504914110722|totes/myurl.svg|7W6tf64Egz|1
1504914308002|totes/myurl.svg|7W6tf64Egz|1
1504914312067|totes/myurl.svg|7W6tf64Egz|1
1504914447343|totes/myurl.svg|7W6tf64Egz|1
1504914448509|totes/myurl.svg|7W6tf64Egz|1
1504914450341|totes/myurl.svg|7W6tf64Egz|1
1504914450885|totes/myurl.svg|7W6tf64Egz|1
1504914451253|totes/myurl.svg|7W6tf64Egz|1
1504914451829|totes/myurl.svg|7W6tf64Egz|1
1504914452389|totes/myurl.svg|7W6tf64Egz|1
1504914452670|totes/myurl.svg|7W6tf64Egz|1
1504914452893|totes/myurl.svg|7W6tf64Egz|1
1504914453117|totes/myurl.svg|7W6tf64Egz|1
1504914453335|totes/myurl.svg|7W6tf64Egz|1
1504914577642|totes/myurl.svg|7W6tf64Egz|1
1504914578843|totes/myurl.svg|7W6tf64Egz|1
1504914579524|totes/myurl.svg|7W6tf64Egz|1
1504914609675|totes/myurl.svg|7W6tf64Egz|1
1504914610596|totes/myurl.svg|7W6tf64Egz|1
1504914611060|totes/myurl.svg|7W6tf64Egz|1
1504914611277|totes/myurl.svg|7W6tf64Egz|1
1504914611484|totes/myurl.svg|7W6tf64Egz|1
1504914612133|totes/myurl.svg|7W6tf64Egz|1
1504914612333|totes/myurl.svg|7W6tf64Egz|1
1504914612526|totes/myurl.svg|7W6tf64Egz|1
1504914612708|totes/myurl.svg|7W6tf64Egz|1
1504914612892|totes/myurl.svg|7W6tf64Egz|1
1504914613084|totes/myurl.svg|7W6tf64Egz|1
1504914644101|totes/myurl.svg|7W6tf64Egz|1
1504914646041|totes/myurl.svg|7W6tf64Egz|1
1504914646528|totes/myurl.svg|7W6tf64Egz|1
1504914646784|totes/myurl.svg|7W6tf64Egz|1
1504914755203|totes/myurl.svg|7W6tf64Egz|2
1504914756279|totes/myurl.svg|7W6tf64Egz|3
1504914757396|totes/myurl.svg|7W6tf64Egz|4
1504914757797|totes/myurl.svg|7W6tf64Egz|5
1504914758086|totes/myurl.svg|7W6tf64Egz|6
1504914758430|totes/myurl.svg|7W6tf64Egz|7
1504914758791|totes/myurl.svg|7W6tf64Egz|8
1504914759135|totes/myurl.svg|7W6tf64Egz|9
1504914759420|totes/myurl.svg|7W6tf64Egz|10
1504914759695|totes/myurl.svg|7W6tf64Egz|11
1504914771471|totes/myurl.svg|7W6tf64Egz|12
1504914772316|totes/myurl.svg|7W6tf64Egz|13
1504914772823|totes/myurl.svg|7W6tf64Egz|14
1504914772909|totes/myurl.svg|7W6tf64Egz|15
1504914772994|totes/myurl.svg|7W6tf64Egz|16
1504914773081|totes/myurl.svg|7W6tf64Egz|17
1504914773164|totes/myurl.svg|7W6tf64Egz|18
1504914773252|totes/myurl.svg|7W6tf64Egz|19
1504914773340|totes/myurl.svg|7W6tf64Egz|20
1504914773429|totes/myurl.svg|7W6tf64Egz|21
1504914773514|totes/myurl.svg|7W6tf64Egz|22
1504914773600|totes/myurl.svg|7W6tf64Egz|23
1504914773686|totes/myurl.svg|7W6tf64Egz|24
1504914773773|totes/myurl.svg|7W6tf64Egz|25
1504914773861|totes/myurl.svg|7W6tf64Egz|26
1504914773946|totes/myurl.svg|7W6tf64Egz|27
1504914774032|totes/myurl.svg|7W6tf64Egz|28
1504914774115|totes/myurl.svg|7W6tf64Egz|29
1504914774202|totes/myurl.svg|7W6tf64Egz|30
1504914820002|totes/myurl.svg|7W6tf64Egz|31
1504914821352|totes/myurl.svg|7W6tf64Egz|32
1504914821910|totes/myurl.svg|7W6tf64Egz|33
1504914823662|totes/myurl.svg|7W6tf64Egz|34
1504914825927|totes/myurl.svg|7W6tf64Egz|35
1504914827046|totes/myurl.svg|7W6tf64Egz|36
1504914827550|totes/myurl.svg|7W6tf64Egz|37
1504914827639|totes/myurl.svg|7W6tf64Egz|38
1504914827723|totes/myurl.svg|7W6tf64Egz|39
1504914827812|totes/myurl.svg|7W6tf64Egz|40
1504914827898|totes/myurl.svg|7W6tf64Egz|41
1504914827982|totes/myurl.svg|7W6tf64Egz|42
1504914828066|totes/myurl.svg|7W6tf64Egz|43
1504914828153|totes/myurl.svg|7W6tf64Egz|44
1504914828239|totes/myurl.svg|7W6tf64Egz|45
1504914828323|totes/myurl.svg|7W6tf64Egz|46
1504914828410|totes/myurl.svg|7W6tf64Egz|47
1504914828494|totes/myurl.svg|7W6tf64Egz|48
1504914828583|totes/myurl.svg|7W6tf64Egz|49
1504914828668|totes/myurl.svg|7W6tf64Egz|50
1504914828754|totes/myurl.svg|7W6tf64Egz|51
1504914828841|totes/myurl.svg|7W6tf64Egz|52
1504914828925|totes/myurl.svg|7W6tf64Egz|53
1504914829013|totes/myurl.svg|7W6tf64Egz|54
1504914829103|totes/myurl.svg|7W6tf64Egz|55
1504914829193|totes/myurl.svg|7W6tf64Egz|56
1504914829275|totes/myurl.svg|7W6tf64Egz|57
1504914829362|totes/myurl.svg|7W6tf64Egz|58
1504914829449|totes/myurl.svg|7W6tf64Egz|59
1504914829534|totes/myurl.svg|7W6tf64Egz|60
1504914829619|totes/myurl.svg|7W6tf64Egz|61
1504914829705|totes/myurl.svg|7W6tf64Egz|62
